<?xml version="1.0" encoding="UTF-8"?>
<!-- Generated by org.testng.reporters.JUnitReportReporter -->
<testsuite hostname="tomas-K53E" name="main.NewTest" tests="2" failures="0" timestamp="31 Mar 2015 18:05:02 GMT" time="3.029" errors="0">
  <testcase name="f" time="0.009" classname="main.NewTest"/>
  <testcase name="testConnection" time="3.020" classname="main.NewTest"/>
</testsuite> <!-- main.NewTest -->
