<?xml version="1.0" encoding="UTF-8"?>
<!-- Generated by org.testng.reporters.JUnitReportReporter -->
<testsuite hostname="tomas-K53E" name="com.TK.frioj.systemServices.ProblemRunnerServiceTest" tests="6" failures="0" timestamp="9 Apr 2015 22:41:43 GMT" time="35.568" errors="0">
  <testcase name="executeSubmissionProblemDTLE" time="5.270" classname="com.TK.frioj.systemServices.ProblemRunnerServiceTest"/>
  <testcase name="testACFox" time="1.700" classname="com.TK.frioj.systemServices.ProblemRunnerServiceTest"/>
  <testcase name="executeSubmissionProblemDAC" time="11.843" classname="com.TK.frioj.systemServices.ProblemRunnerServiceTest"/>
  <testcase name="testCEFox" time="0.535" classname="com.TK.frioj.systemServices.ProblemRunnerServiceTest"/>
  <testcase name="testRTEFox" time="1.564" classname="com.TK.frioj.systemServices.ProblemRunnerServiceTest"/>
  <testcase name="test" time="14.656" classname="com.TK.frioj.systemServices.ProblemRunnerServiceTest"/>
</testsuite> <!-- com.TK.frioj.systemServices.ProblemRunnerServiceTest -->
