<?xml version="1.0" encoding="UTF-8"?>
<!-- Generated by org.testng.reporters.JUnitReportReporter -->
<testsuite hostname="tomas-K53E" name="com.TK.frioj.daoImpl.MysqlSubmissionDaoTest" tests="1" failures="0" timestamp="11 Feb 2015 21:27:36 GMT" time="1.600" errors="0">
  <testcase name="getSubmission" time="1.600" classname="com.TK.frioj.daoImpl.MysqlSubmissionDaoTest"/>
</testsuite> <!-- com.TK.frioj.daoImpl.MysqlSubmissionDaoTest -->
