<?xml version="1.0" encoding="UTF-8"?>
<!-- Generated by org.testng.reporters.JUnitReportReporter -->
<testsuite hostname="tomas-K53E" name="com.TK.frioj.daoImpl.MysqlUserDaoTest" tests="1" failures="0" timestamp="25 Feb 2015 20:37:48 GMT" time="0.445" errors="0">
  <testcase name="getUserId" time="0.445" classname="com.TK.frioj.daoImpl.MysqlUserDaoTest"/>
</testsuite> <!-- com.TK.frioj.daoImpl.MysqlUserDaoTest -->
