<?xml version="1.0" encoding="UTF-8"?>
<!-- Generated by org.testng.reporters.JUnitReportReporter -->
<testsuite hostname="tomas-K53E" name="com.TK.frioj.systemServices.SingleProblemTest" tests="4" failures="0" timestamp="22 Apr 2015 13:29:59 GMT" time="10.866" errors="0">
  <testcase name="testSubmission" time="1.796" classname="com.TK.frioj.systemServices.SingleProblemTest"/>
  <testcase name="testSubmission" time="5.432" classname="com.TK.frioj.systemServices.SingleProblemTest"/>
  <testcase name="testSubmission" time="1.820" classname="com.TK.frioj.systemServices.SingleProblemTest"/>
  <testcase name="testSubmission" time="1.818" classname="com.TK.frioj.systemServices.SingleProblemTest"/>
</testsuite> <!-- com.TK.frioj.systemServices.SingleProblemTest -->
