<?xml version="1.0" encoding="UTF-8"?>
<!-- Generated by org.testng.reporters.JUnitReportReporter -->
<testsuite hostname="tomas-K53E" name="com.TK.frioj.systemServices.SingleProblemTestFromResources" tests="18" failures="0" timestamp="10 May 2015 10:07:29 GMT" time="209.944" errors="0">
  <testcase name="testSubmission" time="1.976" classname="com.TK.frioj.systemServices.SingleProblemTestFromResources"/>
  <testcase name="testSubmission" time="1.942" classname="com.TK.frioj.systemServices.SingleProblemTestFromResources"/>
  <testcase name="testSubmission" time="2.057" classname="com.TK.frioj.systemServices.SingleProblemTestFromResources"/>
  <testcase name="testSubmission" time="0.499" classname="com.TK.frioj.systemServices.SingleProblemTestFromResources"/>
  <testcase name="testSubmission" time="1.949" classname="com.TK.frioj.systemServices.SingleProblemTestFromResources"/>
  <testcase name="testSubmission" time="62.265" classname="com.TK.frioj.systemServices.SingleProblemTestFromResources"/>
  <testcase name="testSubmission" time="3.023" classname="com.TK.frioj.systemServices.SingleProblemTestFromResources"/>
  <testcase name="testSubmission" time="1.931" classname="com.TK.frioj.systemServices.SingleProblemTestFromResources"/>
  <testcase name="testSubmission" time="62.234" classname="com.TK.frioj.systemServices.SingleProblemTestFromResources"/>
  <testcase name="testSubmission" time="1.939" classname="com.TK.frioj.systemServices.SingleProblemTestFromResources"/>
  <testcase name="testSubmission" time="1.619" classname="com.TK.frioj.systemServices.SingleProblemTestFromResources"/>
  <testcase name="testSubmission" time="1.959" classname="com.TK.frioj.systemServices.SingleProblemTestFromResources"/>
  <testcase name="testSubmission" time="1.948" classname="com.TK.frioj.systemServices.SingleProblemTestFromResources"/>
  <testcase name="testSubmission" time="0.002" classname="com.TK.frioj.systemServices.SingleProblemTestFromResources"/>
  <testcase name="testSubmission" time="0.002" classname="com.TK.frioj.systemServices.SingleProblemTestFromResources"/>
  <testcase name="testSubmission" time="1.982" classname="com.TK.frioj.systemServices.SingleProblemTestFromResources"/>
  <testcase name="testSubmission" time="0.308" classname="com.TK.frioj.systemServices.SingleProblemTestFromResources"/>
  <testcase name="testSubmission" time="62.309" classname="com.TK.frioj.systemServices.SingleProblemTestFromResources"/>
</testsuite> <!-- com.TK.frioj.systemServices.SingleProblemTestFromResources -->
